<?xml version="1.0" encoding="UTF-8"?>
<!-- Generated by org.testng.reporters.JUnitReportReporter -->
<testsuite hostname="DESKTOP-7S7LCUO" failures="0" tests="1" name="pom.Login" time="7.636" errors="0" timestamp="2023-10-19T17:00:15 IST" skipped="0">
  <testcase classname="pom.Login" name="login" time="7.636"/>
</testsuite> <!-- pom.Login -->
