<?xml version="1.0" encoding="UTF-8"?>
<!-- Generated by org.testng.reporters.JUnitReportReporter -->
<testsuite hostname="DESKTOP-7S7LCUO" failures="0" tests="1" name="testCases.RegisterTest" time="6.377" errors="0" timestamp="2024-04-23T14:15:58 IST" skipped="0">
  <testcase classname="testCases.RegisterTest" name="test1" time="6.377"/>
</testsuite> <!-- testCases.RegisterTest -->
